<?xml version="1.0" encoding="UTF-8"?>
<testng-results ignored="0" total="6" passed="6" failed="0" skipped="0">
  <reporter-output>
  </reporter-output>
  <suite started-at="2025-03-11T19:08:35 IST" name="Suite" finished-at="2025-03-11T19:08:46 IST" duration-ms="10682">
    <groups>
    </groups>
    <test started-at="2025-03-11T19:08:35 IST" name="Test" finished-at="2025-03-11T19:08:46 IST" duration-ms="10682">
      <class name="com.testautomation.apitesting.runner.TestRunnerTestNG">
        <test-method is-config="true" signature="setUpClass()[pri:0, instance:com.testautomation.apitesting.runner.TestRunnerTestNG@ee86bcb]" started-at="2025-03-11T19:08:35 IST" name="setUpClass" finished-at="2025-03-11T19:08:35 IST" duration-ms="218" status="PASS">
          <reporter-output>
          </reporter-output>
        </test-method> <!-- setUpClass -->
        <test-method signature="feature(io.cucumber.testng.PickleWrapper,io.cucumber.testng.FeatureWrapper)[pri:0, instance:com.testautomation.apitesting.runner.TestRunnerTestNG@ee86bcb]" started-at="2025-03-11T19:08:35 IST" name="feature" data-provider="features" finished-at="2025-03-11T19:08:39 IST" duration-ms="4123" status="PASS">
          <params>
            <param index="0">
              <value>
                <![CDATA["Validate post bookingAPI works correctly"]]>
              </value>
            </param>
            <param index="1">
              <value>
                <![CDATA["End to End Booking Details"]]>
              </value>
            </param>
          </params>
          <reporter-output>
          </reporter-output>
        </test-method> <!-- feature -->
        <test-method signature="feature(io.cucumber.testng.PickleWrapper,io.cucumber.testng.FeatureWrapper)[pri:0, instance:com.testautomation.apitesting.runner.TestRunnerTestNG@ee86bcb]" started-at="2025-03-11T19:08:39 IST" name="feature" data-provider="features" finished-at="2025-03-11T19:08:41 IST" duration-ms="1287" status="PASS">
          <params>
            <param index="0">
              <value>
                <![CDATA["Verify the booking details are correctly updated"]]>
              </value>
            </param>
            <param index="1">
              <value>
                <![CDATA["End to End Booking Details"]]>
              </value>
            </param>
          </params>
          <reporter-output>
          </reporter-output>
        </test-method> <!-- feature -->
        <test-method signature="feature(io.cucumber.testng.PickleWrapper,io.cucumber.testng.FeatureWrapper)[pri:0, instance:com.testautomation.apitesting.runner.TestRunnerTestNG@ee86bcb]" started-at="2025-03-11T19:08:41 IST" name="feature" data-provider="features" finished-at="2025-03-11T19:08:42 IST" duration-ms="1238" status="PASS">
          <params>
            <param index="0">
              <value>
                <![CDATA["Token Generation"]]>
              </value>
            </param>
            <param index="1">
              <value>
                <![CDATA["End to End Booking Details"]]>
              </value>
            </param>
          </params>
          <reporter-output>
          </reporter-output>
        </test-method> <!-- feature -->
        <test-method signature="feature(io.cucumber.testng.PickleWrapper,io.cucumber.testng.FeatureWrapper)[pri:0, instance:com.testautomation.apitesting.runner.TestRunnerTestNG@ee86bcb]" started-at="2025-03-11T19:08:42 IST" name="feature" data-provider="features" finished-at="2025-03-11T19:08:43 IST" duration-ms="1242" status="PASS">
          <params>
            <param index="0">
              <value>
                <![CDATA["Validate put bookingAPI works correctly"]]>
              </value>
            </param>
            <param index="1">
              <value>
                <![CDATA["End to End Booking Details"]]>
              </value>
            </param>
          </params>
          <reporter-output>
          </reporter-output>
        </test-method> <!-- feature -->
        <test-method signature="feature(io.cucumber.testng.PickleWrapper,io.cucumber.testng.FeatureWrapper)[pri:0, instance:com.testautomation.apitesting.runner.TestRunnerTestNG@ee86bcb]" started-at="2025-03-11T19:08:43 IST" name="feature" data-provider="features" finished-at="2025-03-11T19:08:44 IST" duration-ms="1227" status="PASS">
          <params>
            <param index="0">
              <value>
                <![CDATA["Verify the booking details are correctly updated"]]>
              </value>
            </param>
            <param index="1">
              <value>
                <![CDATA["End to End Booking Details"]]>
              </value>
            </param>
          </params>
          <reporter-output>
          </reporter-output>
        </test-method> <!-- feature -->
        <test-method signature="feature(io.cucumber.testng.PickleWrapper,io.cucumber.testng.FeatureWrapper)[pri:0, instance:com.testautomation.apitesting.runner.TestRunnerTestNG@ee86bcb]" started-at="2025-03-11T19:08:44 IST" name="feature" data-provider="features" finished-at="2025-03-11T19:08:46 IST" duration-ms="1264" status="PASS">
          <params>
            <param index="0">
              <value>
                <![CDATA["Delete Booking Details"]]>
              </value>
            </param>
            <param index="1">
              <value>
                <![CDATA["End to End Booking Details"]]>
              </value>
            </param>
          </params>
          <reporter-output>
          </reporter-output>
        </test-method> <!-- feature -->
        <test-method is-config="true" signature="tearDownClass()[pri:0, instance:com.testautomation.apitesting.runner.TestRunnerTestNG@ee86bcb]" started-at="2025-03-11T19:08:46 IST" name="tearDownClass" finished-at="2025-03-11T19:08:46 IST" duration-ms="3" status="PASS">
          <reporter-output>
          </reporter-output>
        </test-method> <!-- tearDownClass -->
      </class> <!-- com.testautomation.apitesting.runner.TestRunnerTestNG -->
    </test> <!-- Test -->
  </suite> <!-- Suite -->
</testng-results>
