<?xml version="1.0" encoding="UTF-8"?>
<testng-results ignored="0" total="6" passed="6" failed="0" skipped="0">
  <reporter-output>
  </reporter-output>
  <suite started-at="2025-03-18T11:47:25 IST" name="Suite" finished-at="2025-03-18T11:47:31 IST" duration-ms="5669">
    <groups>
    </groups>
    <test started-at="2025-03-18T11:47:25 IST" name="Test" finished-at="2025-03-18T11:47:31 IST" duration-ms="5669">
      <class name="com.testautomation.apitesting.runner.TestRunnerTestNG">
        <test-method is-config="true" signature="setUpClass()[pri:0, instance:com.testautomation.apitesting.runner.TestRunnerTestNG@56b78e55]" started-at="2025-03-18T11:47:25 IST" name="setUpClass" finished-at="2025-03-18T11:47:26 IST" duration-ms="431" status="PASS">
          <reporter-output>
          </reporter-output>
        </test-method> <!-- setUpClass -->
        <test-method signature="feature(io.cucumber.testng.PickleWrapper,io.cucumber.testng.FeatureWrapper)[pri:0, instance:com.testautomation.apitesting.runner.TestRunnerTestNG@56b78e55]" started-at="2025-03-18T11:47:26 IST" name="feature" data-provider="features" finished-at="2025-03-18T11:47:29 IST" duration-ms="3079" status="PASS">
          <params>
            <param index="0">
              <value>
                <![CDATA["Validate post bookingAPI works correctly"]]>
              </value>
            </param>
            <param index="1">
              <value>
                <![CDATA["End to End Booking Details"]]>
              </value>
            </param>
          </params>
          <reporter-output>
          </reporter-output>
        </test-method> <!-- feature -->
        <test-method signature="feature(io.cucumber.testng.PickleWrapper,io.cucumber.testng.FeatureWrapper)[pri:0, instance:com.testautomation.apitesting.runner.TestRunnerTestNG@56b78e55]" started-at="2025-03-18T11:47:29 IST" name="feature" data-provider="features" finished-at="2025-03-18T11:47:29 IST" duration-ms="466" status="PASS">
          <params>
            <param index="0">
              <value>
                <![CDATA["Verify the booking details are correctly updated"]]>
              </value>
            </param>
            <param index="1">
              <value>
                <![CDATA["End to End Booking Details"]]>
              </value>
            </param>
          </params>
          <reporter-output>
          </reporter-output>
        </test-method> <!-- feature -->
        <test-method signature="feature(io.cucumber.testng.PickleWrapper,io.cucumber.testng.FeatureWrapper)[pri:0, instance:com.testautomation.apitesting.runner.TestRunnerTestNG@56b78e55]" started-at="2025-03-18T11:47:29 IST" name="feature" data-provider="features" finished-at="2025-03-18T11:47:30 IST" duration-ms="394" status="PASS">
          <params>
            <param index="0">
              <value>
                <![CDATA["Token Generation"]]>
              </value>
            </param>
            <param index="1">
              <value>
                <![CDATA["End to End Booking Details"]]>
              </value>
            </param>
          </params>
          <reporter-output>
          </reporter-output>
        </test-method> <!-- feature -->
        <test-method signature="feature(io.cucumber.testng.PickleWrapper,io.cucumber.testng.FeatureWrapper)[pri:0, instance:com.testautomation.apitesting.runner.TestRunnerTestNG@56b78e55]" started-at="2025-03-18T11:47:30 IST" name="feature" data-provider="features" finished-at="2025-03-18T11:47:30 IST" duration-ms="435" status="PASS">
          <params>
            <param index="0">
              <value>
                <![CDATA["Validate put bookingAPI works correctly"]]>
              </value>
            </param>
            <param index="1">
              <value>
                <![CDATA["End to End Booking Details"]]>
              </value>
            </param>
          </params>
          <reporter-output>
          </reporter-output>
        </test-method> <!-- feature -->
        <test-method signature="feature(io.cucumber.testng.PickleWrapper,io.cucumber.testng.FeatureWrapper)[pri:0, instance:com.testautomation.apitesting.runner.TestRunnerTestNG@56b78e55]" started-at="2025-03-18T11:47:30 IST" name="feature" data-provider="features" finished-at="2025-03-18T11:47:31 IST" duration-ms="371" status="PASS">
          <params>
            <param index="0">
              <value>
                <![CDATA["Verify the booking details are correctly updated"]]>
              </value>
            </param>
            <param index="1">
              <value>
                <![CDATA["End to End Booking Details"]]>
              </value>
            </param>
          </params>
          <reporter-output>
          </reporter-output>
        </test-method> <!-- feature -->
        <test-method signature="feature(io.cucumber.testng.PickleWrapper,io.cucumber.testng.FeatureWrapper)[pri:0, instance:com.testautomation.apitesting.runner.TestRunnerTestNG@56b78e55]" started-at="2025-03-18T11:47:31 IST" name="feature" data-provider="features" finished-at="2025-03-18T11:47:31 IST" duration-ms="367" status="PASS">
          <params>
            <param index="0">
              <value>
                <![CDATA["Delete Booking Details"]]>
              </value>
            </param>
            <param index="1">
              <value>
                <![CDATA["End to End Booking Details"]]>
              </value>
            </param>
          </params>
          <reporter-output>
          </reporter-output>
        </test-method> <!-- feature -->
        <test-method is-config="true" signature="tearDownClass()[pri:0, instance:com.testautomation.apitesting.runner.TestRunnerTestNG@56b78e55]" started-at="2025-03-18T11:47:31 IST" name="tearDownClass" finished-at="2025-03-18T11:47:31 IST" duration-ms="46" status="PASS">
          <reporter-output>
          </reporter-output>
        </test-method> <!-- tearDownClass -->
      </class> <!-- com.testautomation.apitesting.runner.TestRunnerTestNG -->
    </test> <!-- Test -->
  </suite> <!-- Suite -->
</testng-results>
