<?xml version="1.0" encoding="UTF-8"?>
<!-- Generated by org.testng.reporters.JUnitXMLReporter -->
<testsuite ignored="0" hostname="INBLRWHF1265MBY" failures="0" tests="6" name="Default test" time="11.55" errors="0" timestamp="2025-03-11T18:34:24 IST">
  <testcase classname="com.testautomation.apitesting.runner.TestRunnerTestNG" name="feature" time="4.627"/>
  <testcase classname="com.testautomation.apitesting.runner.TestRunnerTestNG" name="feature" time="1.283"/>
  <testcase classname="com.testautomation.apitesting.runner.TestRunnerTestNG" name="feature" time="1.241"/>
  <testcase classname="com.testautomation.apitesting.runner.TestRunnerTestNG" name="feature" time="1.248"/>
  <testcase classname="com.testautomation.apitesting.runner.TestRunnerTestNG" name="feature" time="1.289"/>
  <testcase classname="com.testautomation.apitesting.runner.TestRunnerTestNG" name="feature" time="1.286"/>
</testsuite> <!-- Default test -->
